<?xml version="1.0" encoding="UTF-8"?>
<!-- Generated by org.testng.reporters.JUnitXMLReporter -->
<testsuite hostname="TCD64" name="Default test" tests="5" failures="0" timestamp="12 Sep 2018 12:17:26 GMT" time="41.772" errors="0">
  <testcase name="checkFields" time="0.055" classname="selenium.selenium.NewTest"/>
  <testcase name="profieName" time="26.582" classname="selenium.selenium.NewTest"/>
  <testcase name="testUrl" time="6.808" classname="selenium.selenium.NewTest"/>
  <testcase name="test_Login" time="2.847" classname="selenium.selenium.NewTest"/>
  <testcase name="verifyForgot_Password" time="4.587" classname="selenium.selenium.NewTest"/>
</testsuite> <!-- Default test -->
