<?xml version="1.0" encoding="UTF-8"?>
<!-- Generated by org.testng.reporters.JUnitXMLReporter -->
<testsuite hostname="TCD64" name="Test" tests="3" failures="0" timestamp="11 Sep 2018 09:45:50 GMT" time="22.718" errors="0">
  <testcase name="testUrl" time="14.103" classname="selenium.selenium.NewTest"/>
  <testcase name="test_Login" time="3.111" classname="selenium.selenium.NewTest"/>
  <testcase name="verifyForgot_Password" time="4.574" classname="selenium.selenium.NewTest"/>
</testsuite> <!-- Test -->
