<?xml version="1.0" encoding="UTF-8"?>
<!-- Generated by org.testng.reporters.JUnitXMLReporter -->
<testsuite hostname="TCD64" name="Test" tests="5" failures="0" timestamp="19 Sep 2018 06:06:41 GMT" time="80.021" errors="0">
  <testcase name="checkFields" time="0.109" classname="selenium.selenium.NewTest"/>
  <testcase name="erifyForgot_Password" time="24.267" classname="selenium.selenium.NewTest"/>
  <testcase name="profieName" time="28.643" classname="selenium.selenium.NewTest"/>
  <testcase name="testUrl" time="10.939" classname="selenium.selenium.NewTest"/>
  <testcase name="test_Login" time="12.85" classname="selenium.selenium.NewTest"/>
</testsuite> <!-- Test -->
