<?xml version="1.0" encoding="UTF-8"?>
<testng-results skipped="0" failed="0" total="3" passed="3">
  <reporter-output>
  </reporter-output>
  <suite name="Suite" duration-ms="22718" started-at="2018-09-11T09:45:27Z" finished-at="2018-09-11T09:45:50Z">
    <groups>
    </groups>
    <test name="Test" duration-ms="22718" started-at="2018-09-11T09:45:27Z" finished-at="2018-09-11T09:45:50Z">
      <class name="selenium.selenium.NewTest">
        <test-method status="PASS" signature="beforeClass()[pri:0, instance:selenium.selenium.NewTest@14acaea5]" name="beforeClass" is-config="true" duration-ms="835" started-at="2018-09-11T15:15:27Z" finished-at="2018-09-11T15:15:28Z">
          <reporter-output>
          </reporter-output>
        </test-method> <!-- beforeClass -->
        <test-method status="PASS" signature="testUrl()[pri:0, instance:selenium.selenium.NewTest@14acaea5]" name="testUrl" duration-ms="14103" started-at="2018-09-11T15:15:28Z" finished-at="2018-09-11T15:15:42Z">
          <reporter-output>
          </reporter-output>
        </test-method> <!-- testUrl -->
        <test-method status="PASS" signature="test_Login()[pri:0, instance:selenium.selenium.NewTest@14acaea5]" name="test_Login" duration-ms="3111" started-at="2018-09-11T15:15:42Z" finished-at="2018-09-11T15:15:45Z">
          <reporter-output>
          </reporter-output>
        </test-method> <!-- test_Login -->
        <test-method status="PASS" signature="verifyForgot_Password()[pri:0, instance:selenium.selenium.NewTest@14acaea5]" name="verifyForgot_Password" duration-ms="4574" started-at="2018-09-11T15:15:45Z" finished-at="2018-09-11T15:15:50Z">
          <reporter-output>
          </reporter-output>
        </test-method> <!-- verifyForgot_Password -->
        <test-method status="PASS" signature="afterClass()[pri:0, instance:selenium.selenium.NewTest@14acaea5]" name="afterClass" is-config="true" duration-ms="80" started-at="2018-09-11T15:15:50Z" finished-at="2018-09-11T15:15:50Z">
          <reporter-output>
          </reporter-output>
        </test-method> <!-- afterClass -->
      </class> <!-- selenium.selenium.NewTest -->
    </test> <!-- Test -->
  </suite> <!-- Suite -->
</testng-results>
